[debug] [2026-06-19T01:53:35.130Z] ----------------------------------------------------------------------
[debug] [2026-06-19T01:53:35.153Z] Command:       C:\Program Files\nodejs\node.exe C:\Users\damas\AppData\Roaming\npm\node_modules\firebase-tools\lib\bin\firebase.js deploy
[debug] [2026-06-19T01:53:35.154Z] CLI Version:   15.19.0
[debug] [2026-06-19T01:53:35.155Z] Platform:      win32
[debug] [2026-06-19T01:53:35.156Z] Node Version:  v22.20.0
[debug] [2026-06-19T01:53:35.158Z] Time:          Fri Jun 19 2026 09:53:35 GMT+0800 (Philippine Standard Time)
[debug] [2026-06-19T01:53:35.158Z] ----------------------------------------------------------------------
[debug] 
[debug] [2026-06-19T01:53:35.167Z] >>> [apiv2][query] GET https://firebase-public.firebaseio.com/cli.json [none]
[debug] [2026-06-19T01:53:46.684Z] > command requires scopes: ["email","openid","https://www.googleapis.com/auth/cloudplatformprojects.readonly","https://www.googleapis.com/auth/firebase","https://www.googleapis.com/auth/cloud-platform"]
[debug] [2026-06-19T01:53:46.686Z] > authorizing via signed-in user (admin@phscmedicalcenter.com)
[debug] [2026-06-19T01:53:46.686Z] [iam] checking project phsc-mc for permissions ["firebase.projects.get","firebasehosting.sites.update"]
[debug] [2026-06-19T01:53:46.690Z] Checked if tokens are valid: false, expires at: 1780298730180
[debug] [2026-06-19T01:53:46.691Z] Checked if tokens are valid: false, expires at: 1780298730180
[debug] [2026-06-19T01:53:46.692Z] > refreshing access token with scopes: []
[debug] [2026-06-19T01:53:46.704Z] >>> [apiv2][query] POST https://www.googleapis.com/oauth2/v3/token [none]
[debug] [2026-06-19T01:53:46.704Z] >>> [apiv2][body] POST https://www.googleapis.com/oauth2/v3/token [omitted]
[debug] [2026-06-19T01:53:46.909Z] <<< [apiv2][status] POST https://www.googleapis.com/oauth2/v3/token 400
[debug] [2026-06-19T01:53:46.910Z] <<< [apiv2][body] POST https://www.googleapis.com/oauth2/v3/token [omitted]
[error] Authentication Error: Your credentials are no longer valid. Please run firebase login --reauth

For CI servers and headless environments, generate a new token with firebase login:ci
[error] Authentication Error: Your credentials are no longer valid. Please run firebase login --reauth

For CI servers and headless environments, generate a new token with firebase login:ci
[debug] [2026-06-19T01:53:46.915Z] [iam] error while checking permissions, command may fail: Authentication Error: Your credentials are no longer valid. Please run firebase login --reauth

For CI servers and headless environments, generate a new token with firebase login:ci
[debug] [2026-06-19T01:53:46.919Z] Checked if tokens are valid: false, expires at: 1780298730180
[debug] [2026-06-19T01:53:46.919Z] Checked if tokens are valid: false, expires at: 1780298730180
[debug] [2026-06-19T01:53:46.920Z] > refreshing access token with scopes: []
[debug] [2026-06-19T01:53:46.922Z] >>> [apiv2][query] POST https://www.googleapis.com/oauth2/v3/token [none]
[debug] [2026-06-19T01:53:46.922Z] >>> [apiv2][body] POST https://www.googleapis.com/oauth2/v3/token [omitted]
[debug] [2026-06-19T01:53:46.995Z] <<< [apiv2][status] POST https://www.googleapis.com/oauth2/v3/token 400
[debug] [2026-06-19T01:53:46.995Z] <<< [apiv2][body] POST https://www.googleapis.com/oauth2/v3/token [omitted]
[error] Authentication Error: Your credentials are no longer valid. Please run firebase login --reauth

For CI servers and headless environments, generate a new token with firebase login:ci
[error] Authentication Error: Your credentials are no longer valid. Please run firebase login --reauth

For CI servers and headless environments, generate a new token with firebase login:ci
[debug] [2026-06-19T01:53:46.998Z] Authentication Error: Your credentials are no longer valid. Please run firebase login --reauth

For CI servers and headless environments, generate a new token with firebase login:ci
[error] 
[error] Error: Assertion failed: resolving hosting target of a site with no site name or target name. This should have caused an error earlier
[debug] [2026-06-19T01:53:47.169Z] <<< [apiv2][status] GET https://firebase-public.firebaseio.com/cli.json 200
[debug] [2026-06-19T01:53:47.170Z] <<< [apiv2][body] GET https://firebase-public.firebaseio.com/cli.json {"cloudBuildErrorAfter":1594252800000,"cloudBuildWarnAfter":1590019200000,"defaultNode10After":1594252800000,"minVersion":"3.0.5","node8DeploysDisabledAfter":1613390400000,"node8RuntimeDisabledAfter":1615809600000,"node8WarnAfter":1600128000000}
[debug] [2026-06-19T01:54:29.799Z] ----------------------------------------------------------------------
[debug] [2026-06-19T01:54:29.802Z] Command:       C:\Program Files\nodejs\node.exe C:\Users\damas\AppData\Roaming\npm\node_modules\firebase-tools\lib\bin\firebase.js deploy --only hosting
[debug] [2026-06-19T01:54:29.803Z] CLI Version:   15.19.0
[debug] [2026-06-19T01:54:29.803Z] Platform:      win32
[debug] [2026-06-19T01:54:29.803Z] Node Version:  v22.20.0
[debug] [2026-06-19T01:54:29.803Z] Time:          Fri Jun 19 2026 09:54:29 GMT+0800 (Philippine Standard Time)
[debug] [2026-06-19T01:54:29.803Z] ----------------------------------------------------------------------
[debug] 
[debug] [2026-06-19T01:54:31.886Z] > command requires scopes: ["email","openid","https://www.googleapis.com/auth/cloudplatformprojects.readonly","https://www.googleapis.com/auth/firebase","https://www.googleapis.com/auth/cloud-platform"]
[debug] [2026-06-19T01:54:31.887Z] > authorizing via signed-in user (admin@phscmedicalcenter.com)
[debug] [2026-06-19T01:54:31.887Z] [iam] checking project phsc-mc for permissions ["firebase.projects.get","firebasehosting.sites.update"]
[debug] [2026-06-19T01:54:31.888Z] Checked if tokens are valid: false, expires at: 1780298730180
[debug] [2026-06-19T01:54:31.888Z] Checked if tokens are valid: false, expires at: 1780298730180
[debug] [2026-06-19T01:54:31.889Z] > refreshing access token with scopes: []
[debug] [2026-06-19T01:54:31.891Z] >>> [apiv2][query] POST https://www.googleapis.com/oauth2/v3/token [none]
[debug] [2026-06-19T01:54:31.891Z] >>> [apiv2][body] POST https://www.googleapis.com/oauth2/v3/token [omitted]
[debug] [2026-06-19T01:54:32.045Z] <<< [apiv2][status] POST https://www.googleapis.com/oauth2/v3/token 400
[debug] [2026-06-19T01:54:32.046Z] <<< [apiv2][body] POST https://www.googleapis.com/oauth2/v3/token [omitted]
[error] Authentication Error: Your credentials are no longer valid. Please run firebase login --reauth

For CI servers and headless environments, generate a new token with firebase login:ci
[error] Authentication Error: Your credentials are no longer valid. Please run firebase login --reauth

For CI servers and headless environments, generate a new token with firebase login:ci
[debug] [2026-06-19T01:54:32.047Z] [iam] error while checking permissions, command may fail: Authentication Error: Your credentials are no longer valid. Please run firebase login --reauth

For CI servers and headless environments, generate a new token with firebase login:ci
[debug] [2026-06-19T01:54:32.048Z] Checked if tokens are valid: false, expires at: 1780298730180
[debug] [2026-06-19T01:54:32.048Z] Checked if tokens are valid: false, expires at: 1780298730180
[debug] [2026-06-19T01:54:32.048Z] > refreshing access token with scopes: []
[debug] [2026-06-19T01:54:32.049Z] >>> [apiv2][query] POST https://www.googleapis.com/oauth2/v3/token [none]
[debug] [2026-06-19T01:54:32.049Z] >>> [apiv2][body] POST https://www.googleapis.com/oauth2/v3/token [omitted]
[debug] [2026-06-19T01:54:32.117Z] <<< [apiv2][status] POST https://www.googleapis.com/oauth2/v3/token 400
[debug] [2026-06-19T01:54:32.117Z] <<< [apiv2][body] POST https://www.googleapis.com/oauth2/v3/token [omitted]
[error] Authentication Error: Your credentials are no longer valid. Please run firebase login --reauth

For CI servers and headless environments, generate a new token with firebase login:ci
[error] Authentication Error: Your credentials are no longer valid. Please run firebase login --reauth

For CI servers and headless environments, generate a new token with firebase login:ci
[debug] [2026-06-19T01:54:32.118Z] Authentication Error: Your credentials are no longer valid. Please run firebase login --reauth

For CI servers and headless environments, generate a new token with firebase login:ci
[error] 
[error] Error: Assertion failed: resolving hosting target of a site with no site name or target name. This should have caused an error earlier
[debug] [2026-06-19T02:07:45.461Z] ----------------------------------------------------------------------
[debug] [2026-06-19T02:07:45.464Z] Command:       C:\Program Files\nodejs\node.exe C:\Users\damas\AppData\Roaming\npm\node_modules\firebase-tools\lib\bin\firebase.js login --reauth
[debug] [2026-06-19T02:07:45.465Z] CLI Version:   15.19.0
[debug] [2026-06-19T02:07:45.465Z] Platform:      win32
[debug] [2026-06-19T02:07:45.465Z] Node Version:  v22.20.0
[debug] [2026-06-19T02:07:45.466Z] Time:          Fri Jun 19 2026 10:07:45 GMT+0800 (Philippine Standard Time)
[debug] [2026-06-19T02:07:45.466Z] ----------------------------------------------------------------------
[debug] 
[info] 
[info] Visit this URL on this device to log in:
[info] https://accounts.google.com/o/oauth2/auth?client_id=563584335869-fgrhgmd47bqnekij5i8b5pr03ho849e6.apps.googleusercontent.com&scope=email%20openid%20https%3A%2F%2Fwww.googleapis.com%2Fauth%2Fcloudplatformprojects.readonly%20https%3A%2F%2Fwww.googleapis.com%2Fauth%2Ffirebase%20https%3A%2F%2Fwww.googleapis.com%2Fauth%2Fcloud-platform&response_type=code&state=92390711&redirect_uri=http%3A%2F%2Flocalhost%3A9005&login_hint=admin%40phscmedicalcenter.com
[info] 
[info] Waiting for authentication...
